<?xml version="1.0" encoding="utf-8"?><testsuites name="pytest tests"><testsuite name="pytest" errors="0" failures="0" skipped="0" tests="8" time="2.523" timestamp="2026-07-22T04:11:59.387915+00:00" hostname="agent-env-dbb62555-abf8-4197-941a-33a233a9852f"><testcase classname="tests.backend_test" name="test_api_root" time="0.346" /><testcase classname="tests.backend_test" name="test_reviews_returns_8_and_western_sydney" time="0.059" /><testcase classname="tests.backend_test" name="test_create_quote_valid" time="0.119" /><testcase classname="tests.backend_test" name="test_create_quote_valid_minimal_no_message" time="0.051" /><testcase classname="tests.backend_test" name="test_create_quote_empty_body" time="0.068" /><testcase classname="tests.backend_test" name="test_create_quote_short_phone" time="0.056" /><testcase classname="tests.backend_test" name="test_create_quote_blank_name" time="0.051" /><testcase classname="tests.backend_test" name="test_list_quotes_contains_test_lead" time="0.102" /></testsuite></testsuites>