<?xml version="1.0" encoding="utf-8"?><testsuites name="pytest tests"><testsuite name="pytest" errors="0" failures="0" skipped="0" tests="8" time="3.138" timestamp="2026-07-22T05:41:48.940840+00:00" hostname="agent-env-dbb62555-abf8-4197-941a-33a233a9852f"><testcase classname="tests.backend_test" name="test_api_root" time="0.307" /><testcase classname="tests.backend_test" name="test_reviews_returns_8_and_western_sydney" time="0.051" /><testcase classname="tests.backend_test" name="test_create_quote_valid" time="0.320" /><testcase classname="tests.backend_test" name="test_create_quote_valid_minimal_no_message" time="0.045" /><testcase classname="tests.backend_test" name="test_create_quote_empty_body" time="0.061" /><testcase classname="tests.backend_test" name="test_create_quote_short_phone" time="0.238" /><testcase classname="tests.backend_test" name="test_create_quote_blank_name" time="0.047" /><testcase classname="tests.backend_test" name="test_list_quotes_contains_test_lead" time="0.090" /></testsuite></testsuites>